Copyright 1986-2022 Xilinx, Inc. All Rights Reserved. Copyright 2022-2023 Advanced Micro Devices, Inc. All Rights Reserved.
-----------------------------------------------------------------------------------------------------------------------------------------------
| Tool Version : Vivado v.2023.1 (win64) Build 3865809 Sun May  7 15:05:29 MDT 2023
| Date         : Fri Mar 15 10:59:10 2024
| Host         : Jacktop running 64-bit major release  (build 9200)
| Command      : report_methodology -file TOP_methodology_drc_routed.rpt -pb TOP_methodology_drc_routed.pb -rpx TOP_methodology_drc_routed.rpx
| Design       : TOP
| Device       : xc7a35tcpg236-1
| Speed File   : -1
| Design State : Fully Routed
-----------------------------------------------------------------------------------------------------------------------------------------------

Report Methodology

Table of Contents
-----------------
1. REPORT SUMMARY
2. REPORT DETAILS

1. REPORT SUMMARY
-----------------
            Netlist: netlist
          Floorplan: design_1
      Design limits: <entire design considered>
             Max violations: <unlimited>
             Violations found: 88
+-----------+------------------+--------------------------------+------------+
| Rule      | Severity         | Description                    | Violations |
+-----------+------------------+--------------------------------+------------+
| TIMING-17 | Critical Warning | Non-clocked sequential cell    | 50         |
| TIMING-20 | Warning          | Non-clocked latch              | 37         |
| LATCH-1   | Advisory         | Existing latches in the design | 1          |
+-----------+------------------+--------------------------------+------------+

2. REPORT DETAILS
-----------------
TIMING-17#1 Critical Warning
Non-clocked sequential cell  
The clock pin ACK/Q_reg[0]/C is not reached by a timing clock
Related violations: <none>

TIMING-17#2 Critical Warning
Non-clocked sequential cell  
The clock pin ACK/Q_reg[10]/C is not reached by a timing clock
Related violations: <none>

TIMING-17#3 Critical Warning
Non-clocked sequential cell  
The clock pin ACK/Q_reg[11]/C is not reached by a timing clock
Related violations: <none>

TIMING-17#4 Critical Warning
Non-clocked sequential cell  
The clock pin ACK/Q_reg[12]/C is not reached by a timing clock
Related violations: <none>

TIMING-17#5 Critical Warning
Non-clocked sequential cell  
The clock pin ACK/Q_reg[13]/C is not reached by a timing clock
Related violations: <none>

TIMING-17#6 Critical Warning
Non-clocked sequential cell  
The clock pin ACK/Q_reg[1]/C is not reached by a timing clock
Related violations: <none>

TIMING-17#7 Critical Warning
Non-clocked sequential cell  
The clock pin ACK/Q_reg[2]/C is not reached by a timing clock
Related violations: <none>

TIMING-17#8 Critical Warning
Non-clocked sequential cell  
The clock pin ACK/Q_reg[3]/C is not reached by a timing clock
Related violations: <none>

TIMING-17#9 Critical Warning
Non-clocked sequential cell  
The clock pin ACK/Q_reg[4]/C is not reached by a timing clock
Related violations: <none>

TIMING-17#10 Critical Warning
Non-clocked sequential cell  
The clock pin ACK/Q_reg[5]/C is not reached by a timing clock
Related violations: <none>

TIMING-17#11 Critical Warning
Non-clocked sequential cell  
The clock pin ACK/Q_reg[6]/C is not reached by a timing clock
Related violations: <none>

TIMING-17#12 Critical Warning
Non-clocked sequential cell  
The clock pin ACK/Q_reg[7]/C is not reached by a timing clock
Related violations: <none>

TIMING-17#13 Critical Warning
Non-clocked sequential cell  
The clock pin ACK/Q_reg[8]/C is not reached by a timing clock
Related violations: <none>

TIMING-17#14 Critical Warning
Non-clocked sequential cell  
The clock pin ACK/Q_reg[9]/C is not reached by a timing clock
Related violations: <none>

TIMING-17#15 Critical Warning
Non-clocked sequential cell  
The clock pin Disp/m_cnt_reg[0]/C is not reached by a timing clock
Related violations: <none>

TIMING-17#16 Critical Warning
Non-clocked sequential cell  
The clock pin Disp/m_cnt_reg[1]/C is not reached by a timing clock
Related violations: <none>

TIMING-17#17 Critical Warning
Non-clocked sequential cell  
The clock pin FSM/FSM_onehot_PS_reg[0]/C is not reached by a timing clock
Related violations: <none>

TIMING-17#18 Critical Warning
Non-clocked sequential cell  
The clock pin FSM/FSM_onehot_PS_reg[10]/C is not reached by a timing clock
Related violations: <none>

TIMING-17#19 Critical Warning
Non-clocked sequential cell  
The clock pin FSM/FSM_onehot_PS_reg[11]/C is not reached by a timing clock
Related violations: <none>

TIMING-17#20 Critical Warning
Non-clocked sequential cell  
The clock pin FSM/FSM_onehot_PS_reg[12]/C is not reached by a timing clock
Related violations: <none>

TIMING-17#21 Critical Warning
Non-clocked sequential cell  
The clock pin FSM/FSM_onehot_PS_reg[13]/C is not reached by a timing clock
Related violations: <none>

TIMING-17#22 Critical Warning
Non-clocked sequential cell  
The clock pin FSM/FSM_onehot_PS_reg[14]/C is not reached by a timing clock
Related violations: <none>

TIMING-17#23 Critical Warning
Non-clocked sequential cell  
The clock pin FSM/FSM_onehot_PS_reg[15]/C is not reached by a timing clock
Related violations: <none>

TIMING-17#24 Critical Warning
Non-clocked sequential cell  
The clock pin FSM/FSM_onehot_PS_reg[16]/C is not reached by a timing clock
Related violations: <none>

TIMING-17#25 Critical Warning
Non-clocked sequential cell  
The clock pin FSM/FSM_onehot_PS_reg[17]/C is not reached by a timing clock
Related violations: <none>

TIMING-17#26 Critical Warning
Non-clocked sequential cell  
The clock pin FSM/FSM_onehot_PS_reg[1]/C is not reached by a timing clock
Related violations: <none>

TIMING-17#27 Critical Warning
Non-clocked sequential cell  
The clock pin FSM/FSM_onehot_PS_reg[2]/C is not reached by a timing clock
Related violations: <none>

TIMING-17#28 Critical Warning
Non-clocked sequential cell  
The clock pin FSM/FSM_onehot_PS_reg[3]/C is not reached by a timing clock
Related violations: <none>

TIMING-17#29 Critical Warning
Non-clocked sequential cell  
The clock pin FSM/FSM_onehot_PS_reg[4]/C is not reached by a timing clock
Related violations: <none>

TIMING-17#30 Critical Warning
Non-clocked sequential cell  
The clock pin FSM/FSM_onehot_PS_reg[5]/C is not reached by a timing clock
Related violations: <none>

TIMING-17#31 Critical Warning
Non-clocked sequential cell  
The clock pin FSM/FSM_onehot_PS_reg[6]/C is not reached by a timing clock
Related violations: <none>

TIMING-17#32 Critical Warning
Non-clocked sequential cell  
The clock pin FSM/FSM_onehot_PS_reg[7]/C is not reached by a timing clock
Related violations: <none>

TIMING-17#33 Critical Warning
Non-clocked sequential cell  
The clock pin FSM/FSM_onehot_PS_reg[8]/C is not reached by a timing clock
Related violations: <none>

TIMING-17#34 Critical Warning
Non-clocked sequential cell  
The clock pin FSM/FSM_onehot_PS_reg[9]/C is not reached by a timing clock
Related violations: <none>

TIMING-17#35 Critical Warning
Non-clocked sequential cell  
The clock pin Shift/Q_reg[0]/C is not reached by a timing clock
Related violations: <none>

TIMING-17#36 Critical Warning
Non-clocked sequential cell  
The clock pin Shift/Q_reg[10]/C is not reached by a timing clock
Related violations: <none>

TIMING-17#37 Critical Warning
Non-clocked sequential cell  
The clock pin Shift/Q_reg[11]/C is not reached by a timing clock
Related violations: <none>

TIMING-17#38 Critical Warning
Non-clocked sequential cell  
The clock pin Shift/Q_reg[12]/C is not reached by a timing clock
Related violations: <none>

TIMING-17#39 Critical Warning
Non-clocked sequential cell  
The clock pin Shift/Q_reg[13]/C is not reached by a timing clock
Related violations: <none>

TIMING-17#40 Critical Warning
Non-clocked sequential cell  
The clock pin Shift/Q_reg[14]/C is not reached by a timing clock
Related violations: <none>

TIMING-17#41 Critical Warning
Non-clocked sequential cell  
The clock pin Shift/Q_reg[15]/C is not reached by a timing clock
Related violations: <none>

TIMING-17#42 Critical Warning
Non-clocked sequential cell  
The clock pin Shift/Q_reg[1]/C is not reached by a timing clock
Related violations: <none>

TIMING-17#43 Critical Warning
Non-clocked sequential cell  
The clock pin Shift/Q_reg[2]/C is not reached by a timing clock
Related violations: <none>

TIMING-17#44 Critical Warning
Non-clocked sequential cell  
The clock pin Shift/Q_reg[3]/C is not reached by a timing clock
Related violations: <none>

TIMING-17#45 Critical Warning
Non-clocked sequential cell  
The clock pin Shift/Q_reg[4]/C is not reached by a timing clock
Related violations: <none>

TIMING-17#46 Critical Warning
Non-clocked sequential cell  
The clock pin Shift/Q_reg[5]/C is not reached by a timing clock
Related violations: <none>

TIMING-17#47 Critical Warning
Non-clocked sequential cell  
The clock pin Shift/Q_reg[6]/C is not reached by a timing clock
Related violations: <none>

TIMING-17#48 Critical Warning
Non-clocked sequential cell  
The clock pin Shift/Q_reg[7]/C is not reached by a timing clock
Related violations: <none>

TIMING-17#49 Critical Warning
Non-clocked sequential cell  
The clock pin Shift/Q_reg[8]/C is not reached by a timing clock
Related violations: <none>

TIMING-17#50 Critical Warning
Non-clocked sequential cell  
The clock pin Shift/Q_reg[9]/C is not reached by a timing clock
Related violations: <none>

TIMING-20#1 Warning
Non-clocked latch  
The latch FSM/FSM_onehot_NS_reg[0] cannot be properly analyzed as its control pin FSM/FSM_onehot_NS_reg[0]/G is not reached by a timing clock
Related violations: <none>

TIMING-20#2 Warning
Non-clocked latch  
The latch FSM/FSM_onehot_NS_reg[10] cannot be properly analyzed as its control pin FSM/FSM_onehot_NS_reg[10]/G is not reached by a timing clock
Related violations: <none>

TIMING-20#3 Warning
Non-clocked latch  
The latch FSM/FSM_onehot_NS_reg[11] cannot be properly analyzed as its control pin FSM/FSM_onehot_NS_reg[11]/G is not reached by a timing clock
Related violations: <none>

TIMING-20#4 Warning
Non-clocked latch  
The latch FSM/FSM_onehot_NS_reg[12] cannot be properly analyzed as its control pin FSM/FSM_onehot_NS_reg[12]/G is not reached by a timing clock
Related violations: <none>

TIMING-20#5 Warning
Non-clocked latch  
The latch FSM/FSM_onehot_NS_reg[13] cannot be properly analyzed as its control pin FSM/FSM_onehot_NS_reg[13]/G is not reached by a timing clock
Related violations: <none>

TIMING-20#6 Warning
Non-clocked latch  
The latch FSM/FSM_onehot_NS_reg[14] cannot be properly analyzed as its control pin FSM/FSM_onehot_NS_reg[14]/G is not reached by a timing clock
Related violations: <none>

TIMING-20#7 Warning
Non-clocked latch  
The latch FSM/FSM_onehot_NS_reg[15] cannot be properly analyzed as its control pin FSM/FSM_onehot_NS_reg[15]/G is not reached by a timing clock
Related violations: <none>

TIMING-20#8 Warning
Non-clocked latch  
The latch FSM/FSM_onehot_NS_reg[16] cannot be properly analyzed as its control pin FSM/FSM_onehot_NS_reg[16]/G is not reached by a timing clock
Related violations: <none>

TIMING-20#9 Warning
Non-clocked latch  
The latch FSM/FSM_onehot_NS_reg[17] cannot be properly analyzed as its control pin FSM/FSM_onehot_NS_reg[17]/G is not reached by a timing clock
Related violations: <none>

TIMING-20#10 Warning
Non-clocked latch  
The latch FSM/FSM_onehot_NS_reg[1] cannot be properly analyzed as its control pin FSM/FSM_onehot_NS_reg[1]/G is not reached by a timing clock
Related violations: <none>

TIMING-20#11 Warning
Non-clocked latch  
The latch FSM/FSM_onehot_NS_reg[2] cannot be properly analyzed as its control pin FSM/FSM_onehot_NS_reg[2]/G is not reached by a timing clock
Related violations: <none>

TIMING-20#12 Warning
Non-clocked latch  
The latch FSM/FSM_onehot_NS_reg[3] cannot be properly analyzed as its control pin FSM/FSM_onehot_NS_reg[3]/G is not reached by a timing clock
Related violations: <none>

TIMING-20#13 Warning
Non-clocked latch  
The latch FSM/FSM_onehot_NS_reg[4] cannot be properly analyzed as its control pin FSM/FSM_onehot_NS_reg[4]/G is not reached by a timing clock
Related violations: <none>

TIMING-20#14 Warning
Non-clocked latch  
The latch FSM/FSM_onehot_NS_reg[5] cannot be properly analyzed as its control pin FSM/FSM_onehot_NS_reg[5]/G is not reached by a timing clock
Related violations: <none>

TIMING-20#15 Warning
Non-clocked latch  
The latch FSM/FSM_onehot_NS_reg[6] cannot be properly analyzed as its control pin FSM/FSM_onehot_NS_reg[6]/G is not reached by a timing clock
Related violations: <none>

TIMING-20#16 Warning
Non-clocked latch  
The latch FSM/FSM_onehot_NS_reg[7] cannot be properly analyzed as its control pin FSM/FSM_onehot_NS_reg[7]/G is not reached by a timing clock
Related violations: <none>

TIMING-20#17 Warning
Non-clocked latch  
The latch FSM/FSM_onehot_NS_reg[8] cannot be properly analyzed as its control pin FSM/FSM_onehot_NS_reg[8]/G is not reached by a timing clock
Related violations: <none>

TIMING-20#18 Warning
Non-clocked latch  
The latch FSM/FSM_onehot_NS_reg[9] cannot be properly analyzed as its control pin FSM/FSM_onehot_NS_reg[9]/G is not reached by a timing clock
Related violations: <none>

TIMING-20#19 Warning
Non-clocked latch  
The latch FSM/LD_reg cannot be properly analyzed as its control pin FSM/LD_reg/G is not reached by a timing clock
Related violations: <none>

TIMING-20#20 Warning
Non-clocked latch  
The latch FSM/LED_reg[0] cannot be properly analyzed as its control pin FSM/LED_reg[0]/G is not reached by a timing clock
Related violations: <none>

TIMING-20#21 Warning
Non-clocked latch  
The latch FSM/LED_reg[10] cannot be properly analyzed as its control pin FSM/LED_reg[10]/G is not reached by a timing clock
Related violations: <none>

TIMING-20#22 Warning
Non-clocked latch  
The latch FSM/LED_reg[11] cannot be properly analyzed as its control pin FSM/LED_reg[11]/G is not reached by a timing clock
Related violations: <none>

TIMING-20#23 Warning
Non-clocked latch  
The latch FSM/LED_reg[12] cannot be properly analyzed as its control pin FSM/LED_reg[12]/G is not reached by a timing clock
Related violations: <none>

TIMING-20#24 Warning
Non-clocked latch  
The latch FSM/LED_reg[13] cannot be properly analyzed as its control pin FSM/LED_reg[13]/G is not reached by a timing clock
Related violations: <none>

TIMING-20#25 Warning
Non-clocked latch  
The latch FSM/LED_reg[14] cannot be properly analyzed as its control pin FSM/LED_reg[14]/G is not reached by a timing clock
Related violations: <none>

TIMING-20#26 Warning
Non-clocked latch  
The latch FSM/LED_reg[15] cannot be properly analyzed as its control pin FSM/LED_reg[15]/G is not reached by a timing clock
Related violations: <none>

TIMING-20#27 Warning
Non-clocked latch  
The latch FSM/LED_reg[1] cannot be properly analyzed as its control pin FSM/LED_reg[1]/G is not reached by a timing clock
Related violations: <none>

TIMING-20#28 Warning
Non-clocked latch  
The latch FSM/LED_reg[2] cannot be properly analyzed as its control pin FSM/LED_reg[2]/G is not reached by a timing clock
Related violations: <none>

TIMING-20#29 Warning
Non-clocked latch  
The latch FSM/LED_reg[3] cannot be properly analyzed as its control pin FSM/LED_reg[3]/G is not reached by a timing clock
Related violations: <none>

TIMING-20#30 Warning
Non-clocked latch  
The latch FSM/LED_reg[4] cannot be properly analyzed as its control pin FSM/LED_reg[4]/G is not reached by a timing clock
Related violations: <none>

TIMING-20#31 Warning
Non-clocked latch  
The latch FSM/LED_reg[5] cannot be properly analyzed as its control pin FSM/LED_reg[5]/G is not reached by a timing clock
Related violations: <none>

TIMING-20#32 Warning
Non-clocked latch  
The latch FSM/LED_reg[6] cannot be properly analyzed as its control pin FSM/LED_reg[6]/G is not reached by a timing clock
Related violations: <none>

TIMING-20#33 Warning
Non-clocked latch  
The latch FSM/LED_reg[7] cannot be properly analyzed as its control pin FSM/LED_reg[7]/G is not reached by a timing clock
Related violations: <none>

TIMING-20#34 Warning
Non-clocked latch  
The latch FSM/LED_reg[8] cannot be properly analyzed as its control pin FSM/LED_reg[8]/G is not reached by a timing clock
Related violations: <none>

TIMING-20#35 Warning
Non-clocked latch  
The latch FSM/LED_reg[9] cannot be properly analyzed as its control pin FSM/LED_reg[9]/G is not reached by a timing clock
Related violations: <none>

TIMING-20#36 Warning
Non-clocked latch  
The latch FSM/Shift_reg[0] cannot be properly analyzed as its control pin FSM/Shift_reg[0]/G is not reached by a timing clock
Related violations: <none>

TIMING-20#37 Warning
Non-clocked latch  
The latch FSM/Shift_reg[1] cannot be properly analyzed as its control pin FSM/Shift_reg[1]/G is not reached by a timing clock
Related violations: <none>

LATCH-1#1 Advisory
Existing latches in the design  
There are 37 latches found in the design. Inferred latches are often the result of HDL coding mistakes, such as incomplete if or case statements.
Related violations: <none>


